Loading raw data...
train: (450, 10), test: (250, 10)
Extracting features...
  mActivity...
  wPedo...
  wHr...
  mScreenStatus...
  mLight...
  wLight...
  mACStatus...
  mGps...
  mUsageStats...
  mWifi...
  mBle...
  mAmbience...
  sleep_morning: wHr...
  sleep_morning: wPedo...
  sleep_morning: mActivity...
  sleep_morning: mScreenStatus...
  sleep_morning: wLight...
feat_all: (700, 89), sleep_feats: (700, 32)

[Step 1] 우리 팀의 정교한 수면 피처(v9_refined_sleep) 추출 시작...
Total features: 317

  === Target: Q1 | pos_rate: 0.496 ===
    seed=42: OOF log_loss=0.6136
    seed=1234: OOF log_loss=0.5982
    seed=9999: OOF log_loss=0.6191
    seed=7: OOF log_loss=0.6176
    seed=314: OOF log_loss=0.6176
    seed=2025: OOF log_loss=0.6107
    seed=777: OOF log_loss=0.6358
    seed=555: OOF log_loss=0.6081
  Ensemble OOF [Q1]: 0.6013

  === Target: Q2 | pos_rate: 0.562 ===
    seed=42: OOF log_loss=0.6171
    seed=1234: OOF log_loss=0.6085
    seed=9999: OOF log_loss=0.6103
    seed=7: OOF log_loss=0.5920
    seed=314: OOF log_loss=0.6191
    seed=2025: OOF log_loss=0.6265
    seed=777: OOF log_loss=0.5922
    seed=555: OOF log_loss=0.6220
  Ensemble OOF [Q2]: 0.5998

  === Target: Q3 | pos_rate: 0.600 ===
    seed=42: OOF log_loss=0.6015
    seed=1234: OOF log_loss=0.6124
    seed=9999: OOF log_loss=0.6043
    seed=7: OOF log_loss=0.6147
    seed=314: OOF log_loss=0.6113
    seed=2025: OOF log_loss=0.6100
    seed=777: OOF log_loss=0.6195
    seed=555: OOF log_loss=0.6203
  Ensemble OOF [Q3]: 0.6004

  === Target: S1 | pos_rate: 0.682 ===
    seed=42: OOF log_loss=0.5324
    seed=1234: OOF log_loss=0.5367
    seed=9999: OOF log_loss=0.5500
    seed=7: OOF log_loss=0.5572
    seed=314: OOF log_loss=0.5553
    seed=2025: OOF log_loss=0.5382
    seed=777: OOF log_loss=0.5568
    seed=555: OOF log_loss=0.5424
  Ensemble OOF [S1]: 0.5383

  === Target: S2 | pos_rate: 0.651 ===
    seed=42: OOF log_loss=0.5818
    seed=1234: OOF log_loss=0.5788
    seed=9999: OOF log_loss=0.5590
    seed=7: OOF log_loss=0.5700
    seed=314: OOF log_loss=0.5679
    seed=2025: OOF log_loss=0.5596
    seed=777: OOF log_loss=0.5656
    seed=555: OOF log_loss=0.5787
  Ensemble OOF [S2]: 0.5605

  === Target: S3 | pos_rate: 0.662 ===
    seed=42: OOF log_loss=0.5614
    seed=1234: OOF log_loss=0.5594
    seed=9999: OOF log_loss=0.5497
    seed=7: OOF log_loss=0.5601
    seed=314: OOF log_loss=0.5533
    seed=2025: OOF log_loss=0.5579
    seed=777: OOF log_loss=0.5573
    seed=555: OOF log_loss=0.5640
  Ensemble OOF [S3]: 0.5494

  === Target: S4 | pos_rate: 0.560 ===
    seed=42: OOF log_loss=0.6463
    seed=1234: OOF log_loss=0.6379
    seed=9999: OOF log_loss=0.6329
    seed=7: OOF log_loss=0.6490
    seed=314: OOF log_loss=0.6422
    seed=2025: OOF log_loss=0.6306
    seed=777: OOF log_loss=0.6497
    seed=555: OOF log_loss=0.6466
  Ensemble OOF [S4]: 0.6310

=======================================================
  v9 Total OOF: 0.5830  (기대 Public ~ 0.6003)
=======================================================
  Q1: 0.6013
  Q2: 0.5998
  Q3: 0.6004
  S1: 0.5383
  S2: 0.5605
  S3: 0.5494
  S4: 0.6310
제출 파일: ./submission_v9_all_features_no_lag_pseudolabel.csv (250행)

================================================================================
Baseline v9 run report
Generated: 2026-04-24 18:05:43
Experiment tag: _all_features_no_lag_pseudolabel
Run log: ./run_v9_all_features_no_lag_pseudolabel.log
Submission: ./submission_v9_all_features_no_lag_pseudolabel.csv
OOF: ./oof_v9_all_features_no_lag_pseudolabel.csv
Test preds: ./test_preds_v9_all_features_no_lag_pseudolabel.csv

[Summary]
  Total OOF: 0.5830
  Feature count: 317
  Train samples: 450
  Test samples: 250

[Per target]
  Q1: 0.6013
  Q2: 0.5998
  Q3: 0.6004
  S1: 0.5383
  S2: 0.5605
  S3: 0.5494
  S4: 0.6310

[리포트 저장] ./report_v9_all_features_no_lag_pseudolabel.txt
[요약 저장] ./summary_v9_all_features_no_lag_pseudolabel.json
