[Device] cuda
         NVIDIA RTX PRO 6000 Blackwell Server Edition
[Experiment] _all_features_no_lag_pseudolabel
  USE_SLEEP_REFINED    : True
  USE_APP_CATEGORY     : True
  USE_PERSONAL_RELATIVE: True
  USE_HR_FREQ          : True

[1] 데이터 로딩
[2] 날짜 피처
[3] 센서 피처
=== 센서 피처 추출 ===
  wHr ...
  mGps ...
  mUsage ...
  mAmbience ...
  mWifi ...
  wPedo ...
  wLight ...
  mLight ...
  mAct ...
  mScr ...
  mAC ...
  mScr(야간) ...
  sleep_timing ...
  sleep_hr (야간 HRV) ...
  sleep_light ...
  [v5-①] sleep_refined ...
  [v5-②] app_category ...
  [v5-④] hr_frequency (FFT) ...
  → 일별 피처 shape: (700, 106)
[4] Lag 피처
  [v9] Target Encoding (합법적 Target Lag) ...
[5] 피험자 통계 피처
  [v9] personal_relative (Transductive Z-score) ...
  피처: 263 | 학습: 450 | 테스트: 250

[6] 모델 학습

  ▶ Q1
    [LGB Only Seed Ensemble] 8 seeds × 10-fold CV
Training until validation scores don't improve for 50 rounds
Early stopping, best iteration is:
[105]	valid_0's binary_logloss: 0.613847
Training until validation scores don't improve for 50 rounds
Early stopping, best iteration is:
[15]	valid_0's binary_logloss: 0.681386
Training until validation scores don't improve for 50 rounds
Early stopping, best iteration is:
[123]	valid_0's binary_logloss: 0.632661
Training until validation scores don't improve for 50 rounds
Early stopping, best iteration is:
[71]	valid_0's binary_logloss: 0.665355
Training until validation scores don't improve for 50 rounds
Early stopping, best iteration is:
[120]	valid_0's binary_logloss: 0.670653
Training until validation scores don't improve for 50 rounds
Early stopping, best iteration is:
[75]	valid_0's binary_logloss: 0.659681
Training until validation scores don't improve for 50 rounds
Early stopping, best iteration is:
[70]	valid_0's binary_logloss: 0.662266
Training until validation scores don't improve for 50 rounds
Early stopping, best iteration is:
[75]	valid_0's binary_logloss: 0.643143
Training until validation scores don't improve for 50 rounds
Early stopping, best iteration is:
[117]	valid_0's binary_logloss: 0.647408
Training until validation scores don't improve for 50 rounds
Early stopping, best iteration is:
[131]	valid_0's binary_logloss: 0.640602
    seed=   42 | Q1 | OOF: 0.5657
Training until validation scores don't improve for 50 rounds
Early stopping, best iteration is:
[80]	valid_0's binary_logloss: 0.674359
Training until validation scores don't improve for 50 rounds
Early stopping, best iteration is:
[114]	valid_0's binary_logloss: 0.645437
Training until validation scores don't improve for 50 rounds
Early stopping, best iteration is:
[86]	valid_0's binary_logloss: 0.662483
Training until validation scores don't improve for 50 rounds
Early stopping, best iteration is:
[14]	valid_0's binary_logloss: 0.683839
Training until validation scores don't improve for 50 rounds
Early stopping, best iteration is:
[116]	valid_0's binary_logloss: 0.638845
Training until validation scores don't improve for 50 rounds
Early stopping, best iteration is:
[145]	valid_0's binary_logloss: 0.632695
Training until validation scores don't improve for 50 rounds
Early stopping, best iteration is:
[179]	valid_0's binary_logloss: 0.626148
Training until validation scores don't improve for 50 rounds
Early stopping, best iteration is:
[11]	valid_0's binary_logloss: 0.694654
Training until validation scores don't improve for 50 rounds
Early stopping, best iteration is:
[196]	valid_0's binary_logloss: 0.620347
Training until validation scores don't improve for 50 rounds
Early stopping, best iteration is:
[12]	valid_0's binary_logloss: 0.678994
    seed=  123 | Q1 | OOF: 0.5763
Training until validation scores don't improve for 50 rounds
Early stopping, best iteration is:
[11]	valid_0's binary_logloss: 0.685848
Training until validation scores don't improve for 50 rounds
Early stopping, best iteration is:
[127]	valid_0's binary_logloss: 0.645177
Training until validation scores don't improve for 50 rounds
Early stopping, best iteration is:
[124]	valid_0's binary_logloss: 0.620741
Training until validation scores don't improve for 50 rounds
Early stopping, best iteration is:
[54]	valid_0's binary_logloss: 0.688533
Training until validation scores don't improve for 50 rounds
Early stopping, best iteration is:
[43]	valid_0's binary_logloss: 0.681922
Training until validation scores don't improve for 50 rounds
Early stopping, best iteration is:
[61]	valid_0's binary_logloss: 0.66741
Training until validation scores don't improve for 50 rounds
Early stopping, best iteration is:
[69]	valid_0's binary_logloss: 0.662479
Training until validation scores don't improve for 50 rounds
Early stopping, best iteration is:
[108]	valid_0's binary_logloss: 0.616281
Training until validation scores don't improve for 50 rounds
Early stopping, best iteration is:
[160]	valid_0's binary_logloss: 0.573495
Training until validation scores don't improve for 50 rounds
Early stopping, best iteration is:
[50]	valid_0's binary_logloss: 0.677623
    seed=  777 | Q1 | OOF: 0.5615
Training until validation scores don't improve for 50 rounds
Early stopping, best iteration is:
[60]	valid_0's binary_logloss: 0.651205
Training until validation scores don't improve for 50 rounds
Early stopping, best iteration is:
[15]	valid_0's binary_logloss: 0.675299
Training until validation scores don't improve for 50 rounds
Early stopping, best iteration is:
[78]	valid_0's binary_logloss: 0.658573
Training until validation scores don't improve for 50 rounds
Early stopping, best iteration is:
[55]	valid_0's binary_logloss: 0.678829
Training until validation scores don't improve for 50 rounds
Early stopping, best iteration is:
[11]	valid_0's binary_logloss: 0.688531
Training until validation scores don't improve for 50 rounds
Early stopping, best iteration is:
[22]	valid_0's binary_logloss: 0.680716
Training until validation scores don't improve for 50 rounds
Early stopping, best iteration is:
[188]	valid_0's binary_logloss: 0.617849
Training until validation scores don't improve for 50 rounds
Early stopping, best iteration is:
[75]	valid_0's binary_logloss: 0.648613
Training until validation scores don't improve for 50 rounds
Early stopping, best iteration is:
[186]	valid_0's binary_logloss: 0.612161
Training until validation scores don't improve for 50 rounds
Early stopping, best iteration is:
[124]	valid_0's binary_logloss: 0.672546
    seed= 2024 | Q1 | OOF: 0.5757
Training until validation scores don't improve for 50 rounds
Early stopping, best iteration is:
[181]	valid_0's binary_logloss: 0.585521
Training until validation scores don't improve for 50 rounds
Early stopping, best iteration is:
[160]	valid_0's binary_logloss: 0.616776
Training until validation scores don't improve for 50 rounds
Early stopping, best iteration is:
[144]	valid_0's binary_logloss: 0.605989
Training until validation scores don't improve for 50 rounds
Early stopping, best iteration is:
[105]	valid_0's binary_logloss: 0.61505
Training until validation scores don't improve for 50 rounds
Early stopping, best iteration is:
[123]	valid_0's binary_logloss: 0.669829
Training until validation scores don't improve for 50 rounds
Early stopping, best iteration is:
[235]	valid_0's binary_logloss: 0.636986
Training until validation scores don't improve for 50 rounds
Early stopping, best iteration is:
[1]	valid_0's binary_logloss: 0.694124
Training until validation scores don't improve for 50 rounds
Early stopping, best iteration is:
[88]	valid_0's binary_logloss: 0.636044
Training until validation scores don't improve for 50 rounds
Early stopping, best iteration is:
[40]	valid_0's binary_logloss: 0.682835
Training until validation scores don't improve for 50 rounds
Early stopping, best iteration is:
[41]	valid_0's binary_logloss: 0.671223
    seed=31337 | Q1 | OOF: 0.5517
Training until validation scores don't improve for 50 rounds
Early stopping, best iteration is:
[218]	valid_0's binary_logloss: 0.6172
Training until validation scores don't improve for 50 rounds
Early stopping, best iteration is:
[94]	valid_0's binary_logloss: 0.647269
Training until validation scores don't improve for 50 rounds
Early stopping, best iteration is:
[30]	valid_0's binary_logloss: 0.67348
Training until validation scores don't improve for 50 rounds
Early stopping, best iteration is:
[58]	valid_0's binary_logloss: 0.644996
Training until validation scores don't improve for 50 rounds
Early stopping, best iteration is:
[39]	valid_0's binary_logloss: 0.670201
Training until validation scores don't improve for 50 rounds
Early stopping, best iteration is:
[75]	valid_0's binary_logloss: 0.666658
Training until validation scores don't improve for 50 rounds
Early stopping, best iteration is:
[75]	valid_0's binary_logloss: 0.623292
Training until validation scores don't improve for 50 rounds
Early stopping, best iteration is:
[79]	valid_0's binary_logloss: 0.674565
Training until validation scores don't improve for 50 rounds
Early stopping, best iteration is:
[355]	valid_0's binary_logloss: 0.557102
Training until validation scores don't improve for 50 rounds
Early stopping, best iteration is:
[26]	valid_0's binary_logloss: 0.693486
    seed= 9999 | Q1 | OOF: 0.5725
Training until validation scores don't improve for 50 rounds
Early stopping, best iteration is:
[40]	valid_0's binary_logloss: 0.672478
Training until validation scores don't improve for 50 rounds
Early stopping, best iteration is:
[86]	valid_0's binary_logloss: 0.648301
Training until validation scores don't improve for 50 rounds
Early stopping, best iteration is:
[47]	valid_0's binary_logloss: 0.676645
Training until validation scores don't improve for 50 rounds
Early stopping, best iteration is:
[143]	valid_0's binary_logloss: 0.643807
Training until validation scores don't improve for 50 rounds
Early stopping, best iteration is:
[29]	valid_0's binary_logloss: 0.672135
Training until validation scores don't improve for 50 rounds
Early stopping, best iteration is:
[81]	valid_0's binary_logloss: 0.659291
Training until validation scores don't improve for 50 rounds
Early stopping, best iteration is:
[140]	valid_0's binary_logloss: 0.643633
Training until validation scores don't improve for 50 rounds
Early stopping, best iteration is:
[135]	valid_0's binary_logloss: 0.648196
Training until validation scores don't improve for 50 rounds
Early stopping, best iteration is:
[155]	valid_0's binary_logloss: 0.646795
Training until validation scores don't improve for 50 rounds
Early stopping, best iteration is:
[1]	valid_0's binary_logloss: 0.693033
    seed=    7 | Q1 | OOF: 0.5894
Training until validation scores don't improve for 50 rounds
Early stopping, best iteration is:
[51]	valid_0's binary_logloss: 0.668991
Training until validation scores don't improve for 50 rounds
Early stopping, best iteration is:
[18]	valid_0's binary_logloss: 0.685923
Training until validation scores don't improve for 50 rounds
Early stopping, best iteration is:
[48]	valid_0's binary_logloss: 0.673845
Training until validation scores don't improve for 50 rounds
Early stopping, best iteration is:
[55]	valid_0's binary_logloss: 0.678093
Training until validation scores don't improve for 50 rounds
Early stopping, best iteration is:
[151]	valid_0's binary_logloss: 0.634845
Training until validation scores don't improve for 50 rounds
Early stopping, best iteration is:
[280]	valid_0's binary_logloss: 0.570391
Training until validation scores don't improve for 50 rounds
Early stopping, best iteration is:
[30]	valid_0's binary_logloss: 0.668695
Training until validation scores don't improve for 50 rounds
Early stopping, best iteration is:
[210]	valid_0's binary_logloss: 0.598664
Training until validation scores don't improve for 50 rounds
Early stopping, best iteration is:
[110]	valid_0's binary_logloss: 0.615719
Training until validation scores don't improve for 50 rounds
Early stopping, best iteration is:
[31]	valid_0's binary_logloss: 0.690876
    seed=  314 | Q1 | OOF: 0.5643
  >> Ensemble OOF: 0.5481

  ▶ Q2
    [LGB Only Seed Ensemble] 8 seeds × 10-fold CV
Training until validation scores don't improve for 50 rounds
Early stopping, best iteration is:
[77]	valid_0's binary_logloss: 0.610039
Training until validation scores don't improve for 50 rounds
Early stopping, best iteration is:
[214]	valid_0's binary_logloss: 0.5556
Training until validation scores don't improve for 50 rounds
Early stopping, best iteration is:
[73]	valid_0's binary_logloss: 0.599194
Training until validation scores don't improve for 50 rounds
Early stopping, best iteration is:
[176]	valid_0's binary_logloss: 0.547576
Training until validation scores don't improve for 50 rounds
Early stopping, best iteration is:
[114]	valid_0's binary_logloss: 0.61332
Training until validation scores don't improve for 50 rounds
Early stopping, best iteration is:
[220]	valid_0's binary_logloss: 0.563213
Training until validation scores don't improve for 50 rounds
Early stopping, best iteration is:
[46]	valid_0's binary_logloss: 0.642332
Training until validation scores don't improve for 50 rounds
Early stopping, best iteration is:
[264]	valid_0's binary_logloss: 0.544131
Training until validation scores don't improve for 50 rounds
Early stopping, best iteration is:
[38]	valid_0's binary_logloss: 0.661457
Training until validation scores don't improve for 50 rounds
Early stopping, best iteration is:
[160]	valid_0's binary_logloss: 0.593193
    seed=   42 | Q2 | OOF: 0.4907
Training until validation scores don't improve for 50 rounds
Early stopping, best iteration is:
[125]	valid_0's binary_logloss: 0.624343
Training until validation scores don't improve for 50 rounds
Early stopping, best iteration is:
[55]	valid_0's binary_logloss: 0.619234
Training until validation scores don't improve for 50 rounds
Early stopping, best iteration is:
[98]	valid_0's binary_logloss: 0.610463
Training until validation scores don't improve for 50 rounds
Early stopping, best iteration is:
[75]	valid_0's binary_logloss: 0.609897
Training until validation scores don't improve for 50 rounds
Early stopping, best iteration is:
[142]	valid_0's binary_logloss: 0.580311
Training until validation scores don't improve for 50 rounds
Early stopping, best iteration is:
[47]	valid_0's binary_logloss: 0.645642
Training until validation scores don't improve for 50 rounds
Early stopping, best iteration is:
[229]	valid_0's binary_logloss: 0.533338
Training until validation scores don't improve for 50 rounds
Early stopping, best iteration is:
[79]	valid_0's binary_logloss: 0.6328
Training until validation scores don't improve for 50 rounds
Early stopping, best iteration is:
[74]	valid_0's binary_logloss: 0.650703
Training until validation scores don't improve for 50 rounds
Early stopping, best iteration is:
[221]	valid_0's binary_logloss: 0.577637
    seed=  123 | Q2 | OOF: 0.5124
Training until validation scores don't improve for 50 rounds
Early stopping, best iteration is:
[178]	valid_0's binary_logloss: 0.618074
Training until validation scores don't improve for 50 rounds
Early stopping, best iteration is:
[124]	valid_0's binary_logloss: 0.614759
Training until validation scores don't improve for 50 rounds
Early stopping, best iteration is:
[186]	valid_0's binary_logloss: 0.591776
Training until validation scores don't improve for 50 rounds
Early stopping, best iteration is:
[189]	valid_0's binary_logloss: 0.52195
Training until validation scores don't improve for 50 rounds
Early stopping, best iteration is:
[49]	valid_0's binary_logloss: 0.630116
Training until validation scores don't improve for 50 rounds
Early stopping, best iteration is:
[137]	valid_0's binary_logloss: 0.637012
Training until validation scores don't improve for 50 rounds
Early stopping, best iteration is:
[199]	valid_0's binary_logloss: 0.598542
Training until validation scores don't improve for 50 rounds
Early stopping, best iteration is:
[80]	valid_0's binary_logloss: 0.646312
Training until validation scores don't improve for 50 rounds
Early stopping, best iteration is:
[63]	valid_0's binary_logloss: 0.645502
Training until validation scores don't improve for 50 rounds
Early stopping, best iteration is:
[271]	valid_0's binary_logloss: 0.506045
    seed=  777 | Q2 | OOF: 0.5019
Training until validation scores don't improve for 50 rounds
Early stopping, best iteration is:
[163]	valid_0's binary_logloss: 0.623397
Training until validation scores don't improve for 50 rounds
Early stopping, best iteration is:
[114]	valid_0's binary_logloss: 0.619468
Training until validation scores don't improve for 50 rounds
Early stopping, best iteration is:
[172]	valid_0's binary_logloss: 0.558953
Training until validation scores don't improve for 50 rounds
Early stopping, best iteration is:
[146]	valid_0's binary_logloss: 0.560892
Training until validation scores don't improve for 50 rounds
Early stopping, best iteration is:
[40]	valid_0's binary_logloss: 0.667589
Training until validation scores don't improve for 50 rounds
Early stopping, best iteration is:
[236]	valid_0's binary_logloss: 0.623396
Training until validation scores don't improve for 50 rounds
Early stopping, best iteration is:
[110]	valid_0's binary_logloss: 0.614399
Training until validation scores don't improve for 50 rounds
Early stopping, best iteration is:
[51]	valid_0's binary_logloss: 0.645672
Training until validation scores don't improve for 50 rounds
Early stopping, best iteration is:
[130]	valid_0's binary_logloss: 0.612562
Training until validation scores don't improve for 50 rounds
Early stopping, best iteration is:
[175]	valid_0's binary_logloss: 0.574732
    seed= 2024 | Q2 | OOF: 0.5146
Training until validation scores don't improve for 50 rounds
Early stopping, best iteration is:
[39]	valid_0's binary_logloss: 0.643527
Training until validation scores don't improve for 50 rounds
Early stopping, best iteration is:
[185]	valid_0's binary_logloss: 0.490009
Training until validation scores don't improve for 50 rounds
Early stopping, best iteration is:
[85]	valid_0's binary_logloss: 0.661154
Training until validation scores don't improve for 50 rounds
Early stopping, best iteration is:
[138]	valid_0's binary_logloss: 0.563243
Training until validation scores don't improve for 50 rounds
Early stopping, best iteration is:
[147]	valid_0's binary_logloss: 0.583643
Training until validation scores don't improve for 50 rounds
Early stopping, best iteration is:
[107]	valid_0's binary_logloss: 0.645181
Training until validation scores don't improve for 50 rounds
Early stopping, best iteration is:
[50]	valid_0's binary_logloss: 0.658293
Training until validation scores don't improve for 50 rounds
Early stopping, best iteration is:
[177]	valid_0's binary_logloss: 0.648089
Training until validation scores don't improve for 50 rounds
Early stopping, best iteration is:
[149]	valid_0's binary_logloss: 0.589327
Training until validation scores don't improve for 50 rounds
Early stopping, best iteration is:
[21]	valid_0's binary_logloss: 0.669996
    seed=31337 | Q2 | OOF: 0.5084
Training until validation scores don't improve for 50 rounds
Early stopping, best iteration is:
[84]	valid_0's binary_logloss: 0.624097
Training until validation scores don't improve for 50 rounds
Early stopping, best iteration is:
[124]	valid_0's binary_logloss: 0.560172
Training until validation scores don't improve for 50 rounds
Early stopping, best iteration is:
[167]	valid_0's binary_logloss: 0.590271
Training until validation scores don't improve for 50 rounds
Early stopping, best iteration is:
[200]	valid_0's binary_logloss: 0.58009
Training until validation scores don't improve for 50 rounds
Early stopping, best iteration is:
[169]	valid_0's binary_logloss: 0.618182
Training until validation scores don't improve for 50 rounds
Early stopping, best iteration is:
[303]	valid_0's binary_logloss: 0.566586
Training until validation scores don't improve for 50 rounds
Early stopping, best iteration is:
[60]	valid_0's binary_logloss: 0.624818
Training until validation scores don't improve for 50 rounds
Early stopping, best iteration is:
[20]	valid_0's binary_logloss: 0.675826
Training until validation scores don't improve for 50 rounds
Early stopping, best iteration is:
[245]	valid_0's binary_logloss: 0.554238
Training until validation scores don't improve for 50 rounds
Early stopping, best iteration is:
[115]	valid_0's binary_logloss: 0.581385
    seed= 9999 | Q2 | OOF: 0.5071
Training until validation scores don't improve for 50 rounds
Early stopping, best iteration is:
[441]	valid_0's binary_logloss: 0.558072
Training until validation scores don't improve for 50 rounds
Early stopping, best iteration is:
[335]	valid_0's binary_logloss: 0.468363
Training until validation scores don't improve for 50 rounds
Early stopping, best iteration is:
[75]	valid_0's binary_logloss: 0.632774
Training until validation scores don't improve for 50 rounds
Early stopping, best iteration is:
[45]	valid_0's binary_logloss: 0.651533
Training until validation scores don't improve for 50 rounds
Early stopping, best iteration is:
[110]	valid_0's binary_logloss: 0.615873
Training until validation scores don't improve for 50 rounds
Early stopping, best iteration is:
[195]	valid_0's binary_logloss: 0.616134
Training until validation scores don't improve for 50 rounds
Early stopping, best iteration is:
[81]	valid_0's binary_logloss: 0.654819
Training until validation scores don't improve for 50 rounds
Early stopping, best iteration is:
[95]	valid_0's binary_logloss: 0.636003
Training until validation scores don't improve for 50 rounds
Early stopping, best iteration is:
[120]	valid_0's binary_logloss: 0.600523
Training until validation scores don't improve for 50 rounds
Early stopping, best iteration is:
[114]	valid_0's binary_logloss: 0.614302
    seed=    7 | Q2 | OOF: 0.5051
Training until validation scores don't improve for 50 rounds
Early stopping, best iteration is:
[166]	valid_0's binary_logloss: 0.573025
Training until validation scores don't improve for 50 rounds
Early stopping, best iteration is:
[120]	valid_0's binary_logloss: 0.672734
Training until validation scores don't improve for 50 rounds
Early stopping, best iteration is:
[23]	valid_0's binary_logloss: 0.677671
Training until validation scores don't improve for 50 rounds
Early stopping, best iteration is:
[288]	valid_0's binary_logloss: 0.505167
Training until validation scores don't improve for 50 rounds
Early stopping, best iteration is:
[267]	valid_0's binary_logloss: 0.530329
Training until validation scores don't improve for 50 rounds
Early stopping, best iteration is:
[114]	valid_0's binary_logloss: 0.587025
Training until validation scores don't improve for 50 rounds
Early stopping, best iteration is:
[158]	valid_0's binary_logloss: 0.57564
Training until validation scores don't improve for 50 rounds
Early stopping, best iteration is:
[110]	valid_0's binary_logloss: 0.615124
Training until validation scores don't improve for 50 rounds
Early stopping, best iteration is:
[159]	valid_0's binary_logloss: 0.623516
Training until validation scores don't improve for 50 rounds
Early stopping, best iteration is:
[180]	valid_0's binary_logloss: 0.626996
    seed=  314 | Q2 | OOF: 0.4935
  >> Ensemble OOF: 0.4848

  ▶ Q3
    [LGB Only Seed Ensemble] 8 seeds × 10-fold CV
Training until validation scores don't improve for 50 rounds
Early stopping, best iteration is:
[311]	valid_0's binary_logloss: 0.488651
Training until validation scores don't improve for 50 rounds
Early stopping, best iteration is:
[214]	valid_0's binary_logloss: 0.539659
Training until validation scores don't improve for 50 rounds
Early stopping, best iteration is:
[81]	valid_0's binary_logloss: 0.604751
Training until validation scores don't improve for 50 rounds
Early stopping, best iteration is:
[103]	valid_0's binary_logloss: 0.572368
Training until validation scores don't improve for 50 rounds
Early stopping, best iteration is:
[255]	valid_0's binary_logloss: 0.491584
Training until validation scores don't improve for 50 rounds
Early stopping, best iteration is:
[108]	valid_0's binary_logloss: 0.608198
Training until validation scores don't improve for 50 rounds
Early stopping, best iteration is:
[146]	valid_0's binary_logloss: 0.627743
Training until validation scores don't improve for 50 rounds
Early stopping, best iteration is:
[50]	valid_0's binary_logloss: 0.655608
Training until validation scores don't improve for 50 rounds
Early stopping, best iteration is:
[27]	valid_0's binary_logloss: 0.640237
Training until validation scores don't improve for 50 rounds
Early stopping, best iteration is:
[96]	valid_0's binary_logloss: 0.620948
    seed=   42 | Q3 | OOF: 0.4778
Training until validation scores don't improve for 50 rounds
Early stopping, best iteration is:
[238]	valid_0's binary_logloss: 0.559518
Training until validation scores don't improve for 50 rounds
Early stopping, best iteration is:
[154]	valid_0's binary_logloss: 0.627239
Training until validation scores don't improve for 50 rounds
Early stopping, best iteration is:
[257]	valid_0's binary_logloss: 0.494485
Training until validation scores don't improve for 50 rounds
Early stopping, best iteration is:
[195]	valid_0's binary_logloss: 0.555037
Training until validation scores don't improve for 50 rounds
Early stopping, best iteration is:
[165]	valid_0's binary_logloss: 0.623951
Training until validation scores don't improve for 50 rounds
Early stopping, best iteration is:
[191]	valid_0's binary_logloss: 0.577428
Training until validation scores don't improve for 50 rounds
Early stopping, best iteration is:
[66]	valid_0's binary_logloss: 0.645777
Training until validation scores don't improve for 50 rounds
Early stopping, best iteration is:
[176]	valid_0's binary_logloss: 0.606634
Training until validation scores don't improve for 50 rounds
Early stopping, best iteration is:
[76]	valid_0's binary_logloss: 0.641536
Training until validation scores don't improve for 50 rounds
Early stopping, best iteration is:
[134]	valid_0's binary_logloss: 0.610647
    seed=  123 | Q3 | OOF: 0.5040
Training until validation scores don't improve for 50 rounds
Early stopping, best iteration is:
[86]	valid_0's binary_logloss: 0.612453
Training until validation scores don't improve for 50 rounds
Early stopping, best iteration is:
[43]	valid_0's binary_logloss: 0.660199
Training until validation scores don't improve for 50 rounds
Early stopping, best iteration is:
[105]	valid_0's binary_logloss: 0.573595
Training until validation scores don't improve for 50 rounds
Early stopping, best iteration is:
[292]	valid_0's binary_logloss: 0.561092
Training until validation scores don't improve for 50 rounds
Early stopping, best iteration is:
[175]	valid_0's binary_logloss: 0.592738
Training until validation scores don't improve for 50 rounds
Early stopping, best iteration is:
[215]	valid_0's binary_logloss: 0.597824
Training until validation scores don't improve for 50 rounds
Early stopping, best iteration is:
[130]	valid_0's binary_logloss: 0.597322
Training until validation scores don't improve for 50 rounds
Early stopping, best iteration is:
[70]	valid_0's binary_logloss: 0.64571
Training until validation scores don't improve for 50 rounds
Early stopping, best iteration is:
[185]	valid_0's binary_logloss: 0.56381
Training until validation scores don't improve for 50 rounds
Early stopping, best iteration is:
[197]	valid_0's binary_logloss: 0.52644
    seed=  777 | Q3 | OOF: 0.4888
Training until validation scores don't improve for 50 rounds
Early stopping, best iteration is:
[98]	valid_0's binary_logloss: 0.588297
Training until validation scores don't improve for 50 rounds
Early stopping, best iteration is:
[105]	valid_0's binary_logloss: 0.587237
Training until validation scores don't improve for 50 rounds
Early stopping, best iteration is:
[417]	valid_0's binary_logloss: 0.52659
Training until validation scores don't improve for 50 rounds
Early stopping, best iteration is:
[163]	valid_0's binary_logloss: 0.543546
Training until validation scores don't improve for 50 rounds
Early stopping, best iteration is:
[195]	valid_0's binary_logloss: 0.609359
Training until validation scores don't improve for 50 rounds
Early stopping, best iteration is:
[214]	valid_0's binary_logloss: 0.557863
Training until validation scores don't improve for 50 rounds
Early stopping, best iteration is:
[80]	valid_0's binary_logloss: 0.610124
Training until validation scores don't improve for 50 rounds
Early stopping, best iteration is:
[116]	valid_0's binary_logloss: 0.61518
Training until validation scores don't improve for 50 rounds
Early stopping, best iteration is:
[282]	valid_0's binary_logloss: 0.542953
Training until validation scores don't improve for 50 rounds
Early stopping, best iteration is:
[44]	valid_0's binary_logloss: 0.65638
    seed= 2024 | Q3 | OOF: 0.4802
Training until validation scores don't improve for 50 rounds
Early stopping, best iteration is:
[405]	valid_0's binary_logloss: 0.451553
Training until validation scores don't improve for 50 rounds
Early stopping, best iteration is:
[126]	valid_0's binary_logloss: 0.603501
Training until validation scores don't improve for 50 rounds
Early stopping, best iteration is:
[165]	valid_0's binary_logloss: 0.596786
Training until validation scores don't improve for 50 rounds
Early stopping, best iteration is:
[151]	valid_0's binary_logloss: 0.556867
Training until validation scores don't improve for 50 rounds
Early stopping, best iteration is:
[90]	valid_0's binary_logloss: 0.587147
Training until validation scores don't improve for 50 rounds
Early stopping, best iteration is:
[5]	valid_0's binary_logloss: 0.668386
Training until validation scores don't improve for 50 rounds
Early stopping, best iteration is:
[28]	valid_0's binary_logloss: 0.651387
Training until validation scores don't improve for 50 rounds
Early stopping, best iteration is:
[75]	valid_0's binary_logloss: 0.642324
Training until validation scores don't improve for 50 rounds
Early stopping, best iteration is:
[136]	valid_0's binary_logloss: 0.617332
Training until validation scores don't improve for 50 rounds
Early stopping, best iteration is:
[190]	valid_0's binary_logloss: 0.564541
    seed=31337 | Q3 | OOF: 0.5053
Training until validation scores don't improve for 50 rounds
Early stopping, best iteration is:
[334]	valid_0's binary_logloss: 0.547088
Training until validation scores don't improve for 50 rounds
Early stopping, best iteration is:
[136]	valid_0's binary_logloss: 0.615005
Training until validation scores don't improve for 50 rounds
Early stopping, best iteration is:
[125]	valid_0's binary_logloss: 0.575559
Training until validation scores don't improve for 50 rounds
Early stopping, best iteration is:
[79]	valid_0's binary_logloss: 0.636307
Training until validation scores don't improve for 50 rounds
Early stopping, best iteration is:
[126]	valid_0's binary_logloss: 0.567013
Training until validation scores don't improve for 50 rounds
Early stopping, best iteration is:
[266]	valid_0's binary_logloss: 0.52486
Training until validation scores don't improve for 50 rounds
Early stopping, best iteration is:
[118]	valid_0's binary_logloss: 0.591848
Training until validation scores don't improve for 50 rounds
Early stopping, best iteration is:
[20]	valid_0's binary_logloss: 0.661767
Training until validation scores don't improve for 50 rounds
Early stopping, best iteration is:
[160]	valid_0's binary_logloss: 0.539442
Training until validation scores don't improve for 50 rounds
Early stopping, best iteration is:
[116]	valid_0's binary_logloss: 0.630227
    seed= 9999 | Q3 | OOF: 0.4962
Training until validation scores don't improve for 50 rounds
Early stopping, best iteration is:
[332]	valid_0's binary_logloss: 0.556995
Training until validation scores don't improve for 50 rounds
Early stopping, best iteration is:
[174]	valid_0's binary_logloss: 0.595702
Training until validation scores don't improve for 50 rounds
Early stopping, best iteration is:
[78]	valid_0's binary_logloss: 0.630738
Training until validation scores don't improve for 50 rounds
Early stopping, best iteration is:
[396]	valid_0's binary_logloss: 0.532403
Training until validation scores don't improve for 50 rounds
Early stopping, best iteration is:
[115]	valid_0's binary_logloss: 0.584814
Training until validation scores don't improve for 50 rounds
Early stopping, best iteration is:
[55]	valid_0's binary_logloss: 0.638968
Training until validation scores don't improve for 50 rounds
Early stopping, best iteration is:
[110]	valid_0's binary_logloss: 0.573013
Training until validation scores don't improve for 50 rounds
Early stopping, best iteration is:
[102]	valid_0's binary_logloss: 0.609583
Training until validation scores don't improve for 50 rounds
Early stopping, best iteration is:
[62]	valid_0's binary_logloss: 0.635943
Training until validation scores don't improve for 50 rounds
Early stopping, best iteration is:
[69]	valid_0's binary_logloss: 0.607506
    seed=    7 | Q3 | OOF: 0.4975
Training until validation scores don't improve for 50 rounds
Early stopping, best iteration is:
[172]	valid_0's binary_logloss: 0.603925
Training until validation scores don't improve for 50 rounds
Early stopping, best iteration is:
[105]	valid_0's binary_logloss: 0.630282
Training until validation scores don't improve for 50 rounds
Early stopping, best iteration is:
[108]	valid_0's binary_logloss: 0.608368
Training until validation scores don't improve for 50 rounds
Early stopping, best iteration is:
[457]	valid_0's binary_logloss: 0.471222
Training until validation scores don't improve for 50 rounds
Early stopping, best iteration is:
[68]	valid_0's binary_logloss: 0.648494
Training until validation scores don't improve for 50 rounds
Early stopping, best iteration is:
[350]	valid_0's binary_logloss: 0.536318
Training until validation scores don't improve for 50 rounds
Early stopping, best iteration is:
[54]	valid_0's binary_logloss: 0.630166
Training until validation scores don't improve for 50 rounds
Early stopping, best iteration is:
[176]	valid_0's binary_logloss: 0.501521
Training until validation scores don't improve for 50 rounds
Early stopping, best iteration is:
[79]	valid_0's binary_logloss: 0.653039
Training until validation scores don't improve for 50 rounds
Early stopping, best iteration is:
[342]	valid_0's binary_logloss: 0.534909
    seed=  314 | Q3 | OOF: 0.4820
  >> Ensemble OOF: 0.4683

  ▶ S1
    [LGB Only Seed Ensemble] 8 seeds × 10-fold CV
Training until validation scores don't improve for 50 rounds
Early stopping, best iteration is:
[323]	valid_0's binary_logloss: 0.479477
Training until validation scores don't improve for 50 rounds
Early stopping, best iteration is:
[109]	valid_0's binary_logloss: 0.551877
Training until validation scores don't improve for 50 rounds
Early stopping, best iteration is:
[124]	valid_0's binary_logloss: 0.567751
Training until validation scores don't improve for 50 rounds
Early stopping, best iteration is:
[121]	valid_0's binary_logloss: 0.539875
Training until validation scores don't improve for 50 rounds
Early stopping, best iteration is:
[128]	valid_0's binary_logloss: 0.519353
Training until validation scores don't improve for 50 rounds
Early stopping, best iteration is:
[115]	valid_0's binary_logloss: 0.515299
Training until validation scores don't improve for 50 rounds
Early stopping, best iteration is:
[115]	valid_0's binary_logloss: 0.554746
Training until validation scores don't improve for 50 rounds
Early stopping, best iteration is:
[59]	valid_0's binary_logloss: 0.561848
Training until validation scores don't improve for 50 rounds
Early stopping, best iteration is:
[190]	valid_0's binary_logloss: 0.490131
Training until validation scores don't improve for 50 rounds
Early stopping, best iteration is:
[85]	valid_0's binary_logloss: 0.585902
    seed=   42 | S1 | OOF: 0.4403
Training until validation scores don't improve for 50 rounds
Early stopping, best iteration is:
[145]	valid_0's binary_logloss: 0.534692
Training until validation scores don't improve for 50 rounds
Early stopping, best iteration is:
[30]	valid_0's binary_logloss: 0.604556
Training until validation scores don't improve for 50 rounds
Early stopping, best iteration is:
[24]	valid_0's binary_logloss: 0.626976
Training until validation scores don't improve for 50 rounds
Early stopping, best iteration is:
[112]	valid_0's binary_logloss: 0.540976
Training until validation scores don't improve for 50 rounds
Early stopping, best iteration is:
[90]	valid_0's binary_logloss: 0.564257
Training until validation scores don't improve for 50 rounds
Early stopping, best iteration is:
[237]	valid_0's binary_logloss: 0.376221
Training until validation scores don't improve for 50 rounds
Early stopping, best iteration is:
[78]	valid_0's binary_logloss: 0.522286
Training until validation scores don't improve for 50 rounds
Early stopping, best iteration is:
[198]	valid_0's binary_logloss: 0.436681
Training until validation scores don't improve for 50 rounds
Early stopping, best iteration is:
[23]	valid_0's binary_logloss: 0.608873
Training until validation scores don't improve for 50 rounds
Early stopping, best iteration is:
[136]	valid_0's binary_logloss: 0.493485
    seed=  123 | S1 | OOF: 0.4249
Training until validation scores don't improve for 50 rounds
Early stopping, best iteration is:
[34]	valid_0's binary_logloss: 0.608021
Training until validation scores don't improve for 50 rounds
Early stopping, best iteration is:
[126]	valid_0's binary_logloss: 0.548704
Training until validation scores don't improve for 50 rounds
Early stopping, best iteration is:
[109]	valid_0's binary_logloss: 0.579485
Training until validation scores don't improve for 50 rounds
Early stopping, best iteration is:
[96]	valid_0's binary_logloss: 0.498457
Training until validation scores don't improve for 50 rounds
Early stopping, best iteration is:
[170]	valid_0's binary_logloss: 0.466675
Training until validation scores don't improve for 50 rounds
Early stopping, best iteration is:
[68]	valid_0's binary_logloss: 0.562269
Training until validation scores don't improve for 50 rounds
Early stopping, best iteration is:
[69]	valid_0's binary_logloss: 0.550834
Training until validation scores don't improve for 50 rounds
Early stopping, best iteration is:
[153]	valid_0's binary_logloss: 0.492894
Training until validation scores don't improve for 50 rounds
Early stopping, best iteration is:
[60]	valid_0's binary_logloss: 0.580968
Training until validation scores don't improve for 50 rounds
Early stopping, best iteration is:
[162]	valid_0's binary_logloss: 0.516998
    seed=  777 | S1 | OOF: 0.4339
Training until validation scores don't improve for 50 rounds
Early stopping, best iteration is:
[51]	valid_0's binary_logloss: 0.606496
Training until validation scores don't improve for 50 rounds
Early stopping, best iteration is:
[80]	valid_0's binary_logloss: 0.587451
Training until validation scores don't improve for 50 rounds
Early stopping, best iteration is:
[95]	valid_0's binary_logloss: 0.509414
Training until validation scores don't improve for 50 rounds
Early stopping, best iteration is:
[259]	valid_0's binary_logloss: 0.422866
Training until validation scores don't improve for 50 rounds
Early stopping, best iteration is:
[65]	valid_0's binary_logloss: 0.600442
Training until validation scores don't improve for 50 rounds
Early stopping, best iteration is:
[185]	valid_0's binary_logloss: 0.463175
Training until validation scores don't improve for 50 rounds
Early stopping, best iteration is:
[47]	valid_0's binary_logloss: 0.544646
Training until validation scores don't improve for 50 rounds
Early stopping, best iteration is:
[80]	valid_0's binary_logloss: 0.524561
Training until validation scores don't improve for 50 rounds
Early stopping, best iteration is:
[39]	valid_0's binary_logloss: 0.600615
Training until validation scores don't improve for 50 rounds
Early stopping, best iteration is:
[117]	valid_0's binary_logloss: 0.531364
    seed= 2024 | S1 | OOF: 0.4282
Training until validation scores don't improve for 50 rounds
Early stopping, best iteration is:
[49]	valid_0's binary_logloss: 0.601185
Training until validation scores don't improve for 50 rounds
Early stopping, best iteration is:
[300]	valid_0's binary_logloss: 0.483758
Training until validation scores don't improve for 50 rounds
Early stopping, best iteration is:
[145]	valid_0's binary_logloss: 0.516694
Training until validation scores don't improve for 50 rounds
Early stopping, best iteration is:
[81]	valid_0's binary_logloss: 0.590741
Training until validation scores don't improve for 50 rounds
Early stopping, best iteration is:
[170]	valid_0's binary_logloss: 0.476703
Training until validation scores don't improve for 50 rounds
Early stopping, best iteration is:
[66]	valid_0's binary_logloss: 0.558383
Training until validation scores don't improve for 50 rounds
Early stopping, best iteration is:
[142]	valid_0's binary_logloss: 0.555006
Training until validation scores don't improve for 50 rounds
Early stopping, best iteration is:
[88]	valid_0's binary_logloss: 0.55467
Training until validation scores don't improve for 50 rounds
Early stopping, best iteration is:
[175]	valid_0's binary_logloss: 0.503907
Training until validation scores don't improve for 50 rounds
Early stopping, best iteration is:
[180]	valid_0's binary_logloss: 0.49385
    seed=31337 | S1 | OOF: 0.4481
Training until validation scores don't improve for 50 rounds
Early stopping, best iteration is:
[131]	valid_0's binary_logloss: 0.519885
Training until validation scores don't improve for 50 rounds
Early stopping, best iteration is:
[157]	valid_0's binary_logloss: 0.53194
Training until validation scores don't improve for 50 rounds
Early stopping, best iteration is:
[124]	valid_0's binary_logloss: 0.57367
Training until validation scores don't improve for 50 rounds
Early stopping, best iteration is:
[234]	valid_0's binary_logloss: 0.492634
Training until validation scores don't improve for 50 rounds
Early stopping, best iteration is:
[136]	valid_0's binary_logloss: 0.517995
Training until validation scores don't improve for 50 rounds
Early stopping, best iteration is:
[98]	valid_0's binary_logloss: 0.533118
Training until validation scores don't improve for 50 rounds
Early stopping, best iteration is:
[162]	valid_0's binary_logloss: 0.533735
Training until validation scores don't improve for 50 rounds
Early stopping, best iteration is:
[61]	valid_0's binary_logloss: 0.553711
Training until validation scores don't improve for 50 rounds
Early stopping, best iteration is:
[104]	valid_0's binary_logloss: 0.563689
Training until validation scores don't improve for 50 rounds
Early stopping, best iteration is:
[48]	valid_0's binary_logloss: 0.559206
    seed= 9999 | S1 | OOF: 0.4498
Training until validation scores don't improve for 50 rounds
Early stopping, best iteration is:
[94]	valid_0's binary_logloss: 0.574569
Training until validation scores don't improve for 50 rounds
Early stopping, best iteration is:
[225]	valid_0's binary_logloss: 0.525134
Training until validation scores don't improve for 50 rounds
Early stopping, best iteration is:
[202]	valid_0's binary_logloss: 0.549
Training until validation scores don't improve for 50 rounds
Early stopping, best iteration is:
[32]	valid_0's binary_logloss: 0.596954
Training until validation scores don't improve for 50 rounds
Early stopping, best iteration is:
[95]	valid_0's binary_logloss: 0.553224
Training until validation scores don't improve for 50 rounds
Early stopping, best iteration is:
[150]	valid_0's binary_logloss: 0.521907
Training until validation scores don't improve for 50 rounds
Early stopping, best iteration is:
[215]	valid_0's binary_logloss: 0.450434
Training until validation scores don't improve for 50 rounds
Early stopping, best iteration is:
[101]	valid_0's binary_logloss: 0.549623
Training until validation scores don't improve for 50 rounds
Early stopping, best iteration is:
[164]	valid_0's binary_logloss: 0.496568
Training until validation scores don't improve for 50 rounds
Early stopping, best iteration is:
[123]	valid_0's binary_logloss: 0.534255
    seed=    7 | S1 | OOF: 0.4406
Training until validation scores don't improve for 50 rounds
Early stopping, best iteration is:
[100]	valid_0's binary_logloss: 0.586571
Training until validation scores don't improve for 50 rounds
Early stopping, best iteration is:
[180]	valid_0's binary_logloss: 0.548917
Training until validation scores don't improve for 50 rounds
Early stopping, best iteration is:
[65]	valid_0's binary_logloss: 0.582411
Training until validation scores don't improve for 50 rounds
Early stopping, best iteration is:
[83]	valid_0's binary_logloss: 0.53798
Training until validation scores don't improve for 50 rounds
Early stopping, best iteration is:
[64]	valid_0's binary_logloss: 0.546539
Training until validation scores don't improve for 50 rounds
Early stopping, best iteration is:
[176]	valid_0's binary_logloss: 0.496154
Training until validation scores don't improve for 50 rounds
Early stopping, best iteration is:
[58]	valid_0's binary_logloss: 0.598575
Training until validation scores don't improve for 50 rounds
Early stopping, best iteration is:
[330]	valid_0's binary_logloss: 0.461863
Training until validation scores don't improve for 50 rounds
Early stopping, best iteration is:
[130]	valid_0's binary_logloss: 0.517648
Training until validation scores don't improve for 50 rounds
Early stopping, best iteration is:
[191]	valid_0's binary_logloss: 0.533036
    seed=  314 | S1 | OOF: 0.4534
  >> Ensemble OOF: 0.4192

  ▶ S2
    [LGB Only Seed Ensemble] 8 seeds × 10-fold CV
Training until validation scores don't improve for 50 rounds
Early stopping, best iteration is:
[123]	valid_0's binary_logloss: 0.587311
Training until validation scores don't improve for 50 rounds
Early stopping, best iteration is:
[178]	valid_0's binary_logloss: 0.553261
Training until validation scores don't improve for 50 rounds
Early stopping, best iteration is:
[125]	valid_0's binary_logloss: 0.508353
Training until validation scores don't improve for 50 rounds
Early stopping, best iteration is:
[37]	valid_0's binary_logloss: 0.635201
Training until validation scores don't improve for 50 rounds
Early stopping, best iteration is:
[22]	valid_0's binary_logloss: 0.621291
Training until validation scores don't improve for 50 rounds
Early stopping, best iteration is:
[147]	valid_0's binary_logloss: 0.522617
Training until validation scores don't improve for 50 rounds
Early stopping, best iteration is:
[139]	valid_0's binary_logloss: 0.580128
Training until validation scores don't improve for 50 rounds
Early stopping, best iteration is:
[247]	valid_0's binary_logloss: 0.523519
Training until validation scores don't improve for 50 rounds
Early stopping, best iteration is:
[61]	valid_0's binary_logloss: 0.600836
Training until validation scores don't improve for 50 rounds
Early stopping, best iteration is:
[60]	valid_0's binary_logloss: 0.586156
    seed=   42 | S2 | OOF: 0.4685
Training until validation scores don't improve for 50 rounds
Early stopping, best iteration is:
[65]	valid_0's binary_logloss: 0.622668
Training until validation scores don't improve for 50 rounds
Early stopping, best iteration is:
[125]	valid_0's binary_logloss: 0.519082
Training until validation scores don't improve for 50 rounds
Early stopping, best iteration is:
[138]	valid_0's binary_logloss: 0.549737
Training until validation scores don't improve for 50 rounds
Early stopping, best iteration is:
[129]	valid_0's binary_logloss: 0.509319
Training until validation scores don't improve for 50 rounds
Early stopping, best iteration is:
[85]	valid_0's binary_logloss: 0.60986
Training until validation scores don't improve for 50 rounds
Early stopping, best iteration is:
[95]	valid_0's binary_logloss: 0.592418
Training until validation scores don't improve for 50 rounds
Early stopping, best iteration is:
[175]	valid_0's binary_logloss: 0.521902
Training until validation scores don't improve for 50 rounds
Early stopping, best iteration is:
[121]	valid_0's binary_logloss: 0.557231
Training until validation scores don't improve for 50 rounds
Early stopping, best iteration is:
[116]	valid_0's binary_logloss: 0.613707
Training until validation scores don't improve for 50 rounds
Early stopping, best iteration is:
[84]	valid_0's binary_logloss: 0.583445
    seed=  123 | S2 | OOF: 0.4791
Training until validation scores don't improve for 50 rounds
Early stopping, best iteration is:
[45]	valid_0's binary_logloss: 0.601239
Training until validation scores don't improve for 50 rounds
Early stopping, best iteration is:
[136]	valid_0's binary_logloss: 0.56253
Training until validation scores don't improve for 50 rounds
Early stopping, best iteration is:
[173]	valid_0's binary_logloss: 0.468228
Training until validation scores don't improve for 50 rounds
Early stopping, best iteration is:
[57]	valid_0's binary_logloss: 0.630813
Training until validation scores don't improve for 50 rounds
Early stopping, best iteration is:
[195]	valid_0's binary_logloss: 0.511501
Training until validation scores don't improve for 50 rounds
Early stopping, best iteration is:
[58]	valid_0's binary_logloss: 0.604178
Training until validation scores don't improve for 50 rounds
Early stopping, best iteration is:
[53]	valid_0's binary_logloss: 0.603452
Training until validation scores don't improve for 50 rounds
Early stopping, best iteration is:
[44]	valid_0's binary_logloss: 0.611695
Training until validation scores don't improve for 50 rounds
Early stopping, best iteration is:
[120]	valid_0's binary_logloss: 0.523322
Training until validation scores don't improve for 50 rounds
Early stopping, best iteration is:
[210]	valid_0's binary_logloss: 0.520863
    seed=  777 | S2 | OOF: 0.4675
Training until validation scores don't improve for 50 rounds
Early stopping, best iteration is:
[104]	valid_0's binary_logloss: 0.587955
Training until validation scores don't improve for 50 rounds
Early stopping, best iteration is:
[159]	valid_0's binary_logloss: 0.588829
Training until validation scores don't improve for 50 rounds
Early stopping, best iteration is:
[71]	valid_0's binary_logloss: 0.598246
Training until validation scores don't improve for 50 rounds
Early stopping, best iteration is:
[50]	valid_0's binary_logloss: 0.603048
Training until validation scores don't improve for 50 rounds
Early stopping, best iteration is:
[41]	valid_0's binary_logloss: 0.637613
Training until validation scores don't improve for 50 rounds
Early stopping, best iteration is:
[91]	valid_0's binary_logloss: 0.591355
Training until validation scores don't improve for 50 rounds
Early stopping, best iteration is:
[177]	valid_0's binary_logloss: 0.478393
Training until validation scores don't improve for 50 rounds
Early stopping, best iteration is:
[84]	valid_0's binary_logloss: 0.574847
Training until validation scores don't improve for 50 rounds
Early stopping, best iteration is:
[156]	valid_0's binary_logloss: 0.552802
Training until validation scores don't improve for 50 rounds
Early stopping, best iteration is:
[159]	valid_0's binary_logloss: 0.540835
    seed= 2024 | S2 | OOF: 0.4718
Training until validation scores don't improve for 50 rounds
Early stopping, best iteration is:
[89]	valid_0's binary_logloss: 0.591047
Training until validation scores don't improve for 50 rounds
Early stopping, best iteration is:
[96]	valid_0's binary_logloss: 0.576836
Training until validation scores don't improve for 50 rounds
Early stopping, best iteration is:
[165]	valid_0's binary_logloss: 0.510998
Training until validation scores don't improve for 50 rounds
Early stopping, best iteration is:
[90]	valid_0's binary_logloss: 0.566578
Training until validation scores don't improve for 50 rounds
Early stopping, best iteration is:
[114]	valid_0's binary_logloss: 0.560781
Training until validation scores don't improve for 50 rounds
Early stopping, best iteration is:
[130]	valid_0's binary_logloss: 0.548361
Training until validation scores don't improve for 50 rounds
Early stopping, best iteration is:
[36]	valid_0's binary_logloss: 0.604818
Training until validation scores don't improve for 50 rounds
Early stopping, best iteration is:
[90]	valid_0's binary_logloss: 0.558939
Training until validation scores don't improve for 50 rounds
Early stopping, best iteration is:
[131]	valid_0's binary_logloss: 0.547011
Training until validation scores don't improve for 50 rounds
Early stopping, best iteration is:
[15]	valid_0's binary_logloss: 0.620161
    seed=31337 | S2 | OOF: 0.4774
Training until validation scores don't improve for 50 rounds
Early stopping, best iteration is:
[65]	valid_0's binary_logloss: 0.623992
Training until validation scores don't improve for 50 rounds
Early stopping, best iteration is:
[138]	valid_0's binary_logloss: 0.518156
Training until validation scores don't improve for 50 rounds
Early stopping, best iteration is:
[35]	valid_0's binary_logloss: 0.607593
Training until validation scores don't improve for 50 rounds
Early stopping, best iteration is:
[250]	valid_0's binary_logloss: 0.480402
Training until validation scores don't improve for 50 rounds
Early stopping, best iteration is:
[65]	valid_0's binary_logloss: 0.593039
Training until validation scores don't improve for 50 rounds
Early stopping, best iteration is:
[42]	valid_0's binary_logloss: 0.617226
Training until validation scores don't improve for 50 rounds
Early stopping, best iteration is:
[109]	valid_0's binary_logloss: 0.565168
Training until validation scores don't improve for 50 rounds
Early stopping, best iteration is:
[249]	valid_0's binary_logloss: 0.500213
Training until validation scores don't improve for 50 rounds
Early stopping, best iteration is:
[71]	valid_0's binary_logloss: 0.583856
Training until validation scores don't improve for 50 rounds
Early stopping, best iteration is:
[325]	valid_0's binary_logloss: 0.480928
    seed= 9999 | S2 | OOF: 0.4588
Training until validation scores don't improve for 50 rounds
Early stopping, best iteration is:
[149]	valid_0's binary_logloss: 0.524936
Training until validation scores don't improve for 50 rounds
Early stopping, best iteration is:
[134]	valid_0's binary_logloss: 0.592249
Training until validation scores don't improve for 50 rounds
Early stopping, best iteration is:
[30]	valid_0's binary_logloss: 0.619072
Training until validation scores don't improve for 50 rounds
Early stopping, best iteration is:
[111]	valid_0's binary_logloss: 0.579124
Training until validation scores don't improve for 50 rounds
Early stopping, best iteration is:
[40]	valid_0's binary_logloss: 0.60519
Training until validation scores don't improve for 50 rounds
Early stopping, best iteration is:
[241]	valid_0's binary_logloss: 0.464161
Training until validation scores don't improve for 50 rounds
Early stopping, best iteration is:
[280]	valid_0's binary_logloss: 0.520843
Training until validation scores don't improve for 50 rounds
Early stopping, best iteration is:
[105]	valid_0's binary_logloss: 0.569996
Training until validation scores don't improve for 50 rounds
Early stopping, best iteration is:
[77]	valid_0's binary_logloss: 0.587377
Training until validation scores don't improve for 50 rounds
Early stopping, best iteration is:
[180]	valid_0's binary_logloss: 0.513372
    seed=    7 | S2 | OOF: 0.4521
Training until validation scores don't improve for 50 rounds
Early stopping, best iteration is:
[93]	valid_0's binary_logloss: 0.609946
Training until validation scores don't improve for 50 rounds
Early stopping, best iteration is:
[131]	valid_0's binary_logloss: 0.551453
Training until validation scores don't improve for 50 rounds
Early stopping, best iteration is:
[320]	valid_0's binary_logloss: 0.442687
Training until validation scores don't improve for 50 rounds
Early stopping, best iteration is:
[12]	valid_0's binary_logloss: 0.63927
Training until validation scores don't improve for 50 rounds
Early stopping, best iteration is:
[95]	valid_0's binary_logloss: 0.547537
Training until validation scores don't improve for 50 rounds
Early stopping, best iteration is:
[90]	valid_0's binary_logloss: 0.556321
Training until validation scores don't improve for 50 rounds
Early stopping, best iteration is:
[314]	valid_0's binary_logloss: 0.510448
Training until validation scores don't improve for 50 rounds
Early stopping, best iteration is:
[59]	valid_0's binary_logloss: 0.592306
Training until validation scores don't improve for 50 rounds
Early stopping, best iteration is:
[49]	valid_0's binary_logloss: 0.609411
Training until validation scores don't improve for 50 rounds
Early stopping, best iteration is:
[54]	valid_0's binary_logloss: 0.593394
    seed=  314 | S2 | OOF: 0.4631
  >> Ensemble OOF: 0.4478

  ▶ S3
    [LGB Only Seed Ensemble] 8 seeds × 10-fold CV
Training until validation scores don't improve for 50 rounds
Early stopping, best iteration is:
[50]	valid_0's binary_logloss: 0.564387
Training until validation scores don't improve for 50 rounds
Early stopping, best iteration is:
[65]	valid_0's binary_logloss: 0.560317
Training until validation scores don't improve for 50 rounds
Early stopping, best iteration is:
[103]	valid_0's binary_logloss: 0.552849
Training until validation scores don't improve for 50 rounds
Early stopping, best iteration is:
[301]	valid_0's binary_logloss: 0.474245
Training until validation scores don't improve for 50 rounds
Early stopping, best iteration is:
[61]	valid_0's binary_logloss: 0.570135
Training until validation scores don't improve for 50 rounds
Early stopping, best iteration is:
[111]	valid_0's binary_logloss: 0.567589
Training until validation scores don't improve for 50 rounds
Early stopping, best iteration is:
[127]	valid_0's binary_logloss: 0.524094
Training until validation scores don't improve for 50 rounds
Early stopping, best iteration is:
[300]	valid_0's binary_logloss: 0.443521
Training until validation scores don't improve for 50 rounds
Early stopping, best iteration is:
[176]	valid_0's binary_logloss: 0.559656
Training until validation scores don't improve for 50 rounds
Early stopping, best iteration is:
[156]	valid_0's binary_logloss: 0.573232
    seed=   42 | S3 | OOF: 0.4321
Training until validation scores don't improve for 50 rounds
Early stopping, best iteration is:
[105]	valid_0's binary_logloss: 0.545073
Training until validation scores don't improve for 50 rounds
Early stopping, best iteration is:
[123]	valid_0's binary_logloss: 0.484097
Training until validation scores don't improve for 50 rounds
Early stopping, best iteration is:
[65]	valid_0's binary_logloss: 0.548991
Training until validation scores don't improve for 50 rounds
Early stopping, best iteration is:
[153]	valid_0's binary_logloss: 0.552081
Training until validation scores don't improve for 50 rounds
Early stopping, best iteration is:
[196]	valid_0's binary_logloss: 0.463693
Training until validation scores don't improve for 50 rounds
Early stopping, best iteration is:
[65]	valid_0's binary_logloss: 0.574166
Training until validation scores don't improve for 50 rounds
Early stopping, best iteration is:
[44]	valid_0's binary_logloss: 0.618954
Training until validation scores don't improve for 50 rounds
Early stopping, best iteration is:
[89]	valid_0's binary_logloss: 0.551809
Training until validation scores don't improve for 50 rounds
Early stopping, best iteration is:
[113]	valid_0's binary_logloss: 0.558401
Training until validation scores don't improve for 50 rounds
Early stopping, best iteration is:
[45]	valid_0's binary_logloss: 0.595831
    seed=  123 | S3 | OOF: 0.4560
Training until validation scores don't improve for 50 rounds
Early stopping, best iteration is:
[138]	valid_0's binary_logloss: 0.485345
Training until validation scores don't improve for 50 rounds
Early stopping, best iteration is:
[62]	valid_0's binary_logloss: 0.56293
Training until validation scores don't improve for 50 rounds
Early stopping, best iteration is:
[138]	valid_0's binary_logloss: 0.568371
Training until validation scores don't improve for 50 rounds
Early stopping, best iteration is:
[50]	valid_0's binary_logloss: 0.59863
Training until validation scores don't improve for 50 rounds
Early stopping, best iteration is:
[136]	valid_0's binary_logloss: 0.563885
Training until validation scores don't improve for 50 rounds
Early stopping, best iteration is:
[174]	valid_0's binary_logloss: 0.525426
Training until validation scores don't improve for 50 rounds
Early stopping, best iteration is:
[221]	valid_0's binary_logloss: 0.465002
Training until validation scores don't improve for 50 rounds
Early stopping, best iteration is:
[137]	valid_0's binary_logloss: 0.518553
Training until validation scores don't improve for 50 rounds
Early stopping, best iteration is:
[190]	valid_0's binary_logloss: 0.489579
Training until validation scores don't improve for 50 rounds
Early stopping, best iteration is:
[30]	valid_0's binary_logloss: 0.605738
    seed=  777 | S3 | OOF: 0.4402
Training until validation scores don't improve for 50 rounds
Early stopping, best iteration is:
[220]	valid_0's binary_logloss: 0.465547
Training until validation scores don't improve for 50 rounds
Early stopping, best iteration is:
[98]	valid_0's binary_logloss: 0.562873
Training until validation scores don't improve for 50 rounds
Early stopping, best iteration is:
[140]	valid_0's binary_logloss: 0.49546
Training until validation scores don't improve for 50 rounds
Early stopping, best iteration is:
[100]	valid_0's binary_logloss: 0.591484
Training until validation scores don't improve for 50 rounds
Early stopping, best iteration is:
[46]	valid_0's binary_logloss: 0.625621
Training until validation scores don't improve for 50 rounds
Early stopping, best iteration is:
[146]	valid_0's binary_logloss: 0.560108
Training until validation scores don't improve for 50 rounds
Early stopping, best iteration is:
[200]	valid_0's binary_logloss: 0.384137
Training until validation scores don't improve for 50 rounds
Early stopping, best iteration is:
[72]	valid_0's binary_logloss: 0.564446
Training until validation scores don't improve for 50 rounds
Early stopping, best iteration is:
[110]	valid_0's binary_logloss: 0.557559
Training until validation scores don't improve for 50 rounds
Early stopping, best iteration is:
[119]	valid_0's binary_logloss: 0.524951
    seed= 2024 | S3 | OOF: 0.4392
Training until validation scores don't improve for 50 rounds
Early stopping, best iteration is:
[65]	valid_0's binary_logloss: 0.579587
Training until validation scores don't improve for 50 rounds
Early stopping, best iteration is:
[80]	valid_0's binary_logloss: 0.543274
Training until validation scores don't improve for 50 rounds
Early stopping, best iteration is:
[131]	valid_0's binary_logloss: 0.531503
Training until validation scores don't improve for 50 rounds
Early stopping, best iteration is:
[141]	valid_0's binary_logloss: 0.498282
Training until validation scores don't improve for 50 rounds
Early stopping, best iteration is:
[240]	valid_0's binary_logloss: 0.489399
Training until validation scores don't improve for 50 rounds
Early stopping, best iteration is:
[75]	valid_0's binary_logloss: 0.576762
Training until validation scores don't improve for 50 rounds
Early stopping, best iteration is:
[65]	valid_0's binary_logloss: 0.555714
Training until validation scores don't improve for 50 rounds
Early stopping, best iteration is:
[80]	valid_0's binary_logloss: 0.528469
Training until validation scores don't improve for 50 rounds
Early stopping, best iteration is:
[41]	valid_0's binary_logloss: 0.626837
Training until validation scores don't improve for 50 rounds
Early stopping, best iteration is:
[96]	valid_0's binary_logloss: 0.522984
    seed=31337 | S3 | OOF: 0.4421
Training until validation scores don't improve for 50 rounds
Early stopping, best iteration is:
[154]	valid_0's binary_logloss: 0.528471
Training until validation scores don't improve for 50 rounds
Early stopping, best iteration is:
[56]	valid_0's binary_logloss: 0.575355
Training until validation scores don't improve for 50 rounds
Early stopping, best iteration is:
[205]	valid_0's binary_logloss: 0.478354
Training until validation scores don't improve for 50 rounds
Early stopping, best iteration is:
[245]	valid_0's binary_logloss: 0.481041
Training until validation scores don't improve for 50 rounds
Early stopping, best iteration is:
[106]	valid_0's binary_logloss: 0.579361
Training until validation scores don't improve for 50 rounds
Early stopping, best iteration is:
[144]	valid_0's binary_logloss: 0.517831
Training until validation scores don't improve for 50 rounds
Early stopping, best iteration is:
[151]	valid_0's binary_logloss: 0.536033
Training until validation scores don't improve for 50 rounds
Early stopping, best iteration is:
[78]	valid_0's binary_logloss: 0.547385
Training until validation scores don't improve for 50 rounds
Early stopping, best iteration is:
[25]	valid_0's binary_logloss: 0.619286
Training until validation scores don't improve for 50 rounds
Early stopping, best iteration is:
[70]	valid_0's binary_logloss: 0.575863
    seed= 9999 | S3 | OOF: 0.4371
Training until validation scores don't improve for 50 rounds
Early stopping, best iteration is:
[52]	valid_0's binary_logloss: 0.601154
Training until validation scores don't improve for 50 rounds
Early stopping, best iteration is:
[85]	valid_0's binary_logloss: 0.563691
Training until validation scores don't improve for 50 rounds
Early stopping, best iteration is:
[80]	valid_0's binary_logloss: 0.516556
Training until validation scores don't improve for 50 rounds
Early stopping, best iteration is:
[61]	valid_0's binary_logloss: 0.558997
Training until validation scores don't improve for 50 rounds
Early stopping, best iteration is:
[106]	valid_0's binary_logloss: 0.550181
Training until validation scores don't improve for 50 rounds
Early stopping, best iteration is:
[458]	valid_0's binary_logloss: 0.369254
Training until validation scores don't improve for 50 rounds
Early stopping, best iteration is:
[96]	valid_0's binary_logloss: 0.565801
Training until validation scores don't improve for 50 rounds
Early stopping, best iteration is:
[45]	valid_0's binary_logloss: 0.609688
Training until validation scores don't improve for 50 rounds
Early stopping, best iteration is:
[93]	valid_0's binary_logloss: 0.538224
Training until validation scores don't improve for 50 rounds
Early stopping, best iteration is:
[159]	valid_0's binary_logloss: 0.484384
    seed=    7 | S3 | OOF: 0.4333
Training until validation scores don't improve for 50 rounds
Early stopping, best iteration is:
[282]	valid_0's binary_logloss: 0.460852
Training until validation scores don't improve for 50 rounds
Early stopping, best iteration is:
[144]	valid_0's binary_logloss: 0.541364
Training until validation scores don't improve for 50 rounds
Early stopping, best iteration is:
[369]	valid_0's binary_logloss: 0.387387
Training until validation scores don't improve for 50 rounds
Early stopping, best iteration is:
[49]	valid_0's binary_logloss: 0.595575
Training until validation scores don't improve for 50 rounds
Early stopping, best iteration is:
[61]	valid_0's binary_logloss: 0.548828
Training until validation scores don't improve for 50 rounds
Early stopping, best iteration is:
[69]	valid_0's binary_logloss: 0.535815
Training until validation scores don't improve for 50 rounds
Early stopping, best iteration is:
[80]	valid_0's binary_logloss: 0.533586
Training until validation scores don't improve for 50 rounds
Early stopping, best iteration is:
[59]	valid_0's binary_logloss: 0.59372
Training until validation scores don't improve for 50 rounds
Early stopping, best iteration is:
[233]	valid_0's binary_logloss: 0.53484
Training until validation scores don't improve for 50 rounds
Early stopping, best iteration is:
[50]	valid_0's binary_logloss: 0.614571
    seed=  314 | S3 | OOF: 0.4374
  >> Ensemble OOF: 0.4200

  ▶ S4
    [LGB Only Seed Ensemble] 8 seeds × 10-fold CV
Training until validation scores don't improve for 50 rounds
Early stopping, best iteration is:
[198]	valid_0's binary_logloss: 0.595742
Training until validation scores don't improve for 50 rounds
Early stopping, best iteration is:
[107]	valid_0's binary_logloss: 0.60362
Training until validation scores don't improve for 50 rounds
Early stopping, best iteration is:
[231]	valid_0's binary_logloss: 0.571663
Training until validation scores don't improve for 50 rounds
Early stopping, best iteration is:
[8]	valid_0's binary_logloss: 0.686914
Training until validation scores don't improve for 50 rounds
Early stopping, best iteration is:
[215]	valid_0's binary_logloss: 0.603417
Training until validation scores don't improve for 50 rounds
Early stopping, best iteration is:
[108]	valid_0's binary_logloss: 0.595169
Training until validation scores don't improve for 50 rounds
Early stopping, best iteration is:
[96]	valid_0's binary_logloss: 0.622489
Training until validation scores don't improve for 50 rounds
Early stopping, best iteration is:
[171]	valid_0's binary_logloss: 0.637989
Training until validation scores don't improve for 50 rounds
Early stopping, best iteration is:
[89]	valid_0's binary_logloss: 0.663797
Training until validation scores don't improve for 50 rounds
Early stopping, best iteration is:
[100]	valid_0's binary_logloss: 0.634982
    seed=   42 | S4 | OOF: 0.5426
Training until validation scores don't improve for 50 rounds
Early stopping, best iteration is:
[99]	valid_0's binary_logloss: 0.650222
Training until validation scores don't improve for 50 rounds
Early stopping, best iteration is:
[122]	valid_0's binary_logloss: 0.626706
Training until validation scores don't improve for 50 rounds
Early stopping, best iteration is:
[14]	valid_0's binary_logloss: 0.67368
Training until validation scores don't improve for 50 rounds
Early stopping, best iteration is:
[49]	valid_0's binary_logloss: 0.680313
Training until validation scores don't improve for 50 rounds
Early stopping, best iteration is:
[10]	valid_0's binary_logloss: 0.676723
Training until validation scores don't improve for 50 rounds
Early stopping, best iteration is:
[30]	valid_0's binary_logloss: 0.657453
Training until validation scores don't improve for 50 rounds
Early stopping, best iteration is:
[76]	valid_0's binary_logloss: 0.645935
Training until validation scores don't improve for 50 rounds
Early stopping, best iteration is:
[154]	valid_0's binary_logloss: 0.548149
Training until validation scores don't improve for 50 rounds
Early stopping, best iteration is:
[150]	valid_0's binary_logloss: 0.569808
Training until validation scores don't improve for 50 rounds
Early stopping, best iteration is:
[109]	valid_0's binary_logloss: 0.598215
    seed=  123 | S4 | OOF: 0.5477
Training until validation scores don't improve for 50 rounds
Early stopping, best iteration is:
[80]	valid_0's binary_logloss: 0.624882
Training until validation scores don't improve for 50 rounds
Early stopping, best iteration is:
[47]	valid_0's binary_logloss: 0.653535
Training until validation scores don't improve for 50 rounds
Early stopping, best iteration is:
[10]	valid_0's binary_logloss: 0.684766
Training until validation scores don't improve for 50 rounds
Early stopping, best iteration is:
[330]	valid_0's binary_logloss: 0.555452
Training until validation scores don't improve for 50 rounds
Early stopping, best iteration is:
[205]	valid_0's binary_logloss: 0.568509
Training until validation scores don't improve for 50 rounds
Early stopping, best iteration is:
[78]	valid_0's binary_logloss: 0.665243
Training until validation scores don't improve for 50 rounds
Early stopping, best iteration is:
[28]	valid_0's binary_logloss: 0.677777
Training until validation scores don't improve for 50 rounds
Early stopping, best iteration is:
[88]	valid_0's binary_logloss: 0.658513
Training until validation scores don't improve for 50 rounds
Early stopping, best iteration is:
[87]	valid_0's binary_logloss: 0.625791
Training until validation scores don't improve for 50 rounds
Early stopping, best iteration is:
[328]	valid_0's binary_logloss: 0.562475
    seed=  777 | S4 | OOF: 0.5357
Training until validation scores don't improve for 50 rounds
Early stopping, best iteration is:
[55]	valid_0's binary_logloss: 0.658291
Training until validation scores don't improve for 50 rounds
Early stopping, best iteration is:
[334]	valid_0's binary_logloss: 0.605474
Training until validation scores don't improve for 50 rounds
Early stopping, best iteration is:
[30]	valid_0's binary_logloss: 0.665983
Training until validation scores don't improve for 50 rounds
Early stopping, best iteration is:
[217]	valid_0's binary_logloss: 0.595046
Training until validation scores don't improve for 50 rounds
Early stopping, best iteration is:
[110]	valid_0's binary_logloss: 0.621171
Training until validation scores don't improve for 50 rounds
Early stopping, best iteration is:
[120]	valid_0's binary_logloss: 0.57005
Training until validation scores don't improve for 50 rounds
Early stopping, best iteration is:
[50]	valid_0's binary_logloss: 0.672812
Training until validation scores don't improve for 50 rounds
Early stopping, best iteration is:
[35]	valid_0's binary_logloss: 0.650055
Training until validation scores don't improve for 50 rounds
Early stopping, best iteration is:
[160]	valid_0's binary_logloss: 0.60769
Training until validation scores don't improve for 50 rounds
Early stopping, best iteration is:
[56]	valid_0's binary_logloss: 0.653009
    seed= 2024 | S4 | OOF: 0.5482
Training until validation scores don't improve for 50 rounds
Early stopping, best iteration is:
[97]	valid_0's binary_logloss: 0.613099
Training until validation scores don't improve for 50 rounds
Early stopping, best iteration is:
[180]	valid_0's binary_logloss: 0.572789
Training until validation scores don't improve for 50 rounds
Early stopping, best iteration is:
[7]	valid_0's binary_logloss: 0.686231
Training until validation scores don't improve for 50 rounds
Early stopping, best iteration is:
[66]	valid_0's binary_logloss: 0.647863
Training until validation scores don't improve for 50 rounds
Early stopping, best iteration is:
[110]	valid_0's binary_logloss: 0.607512
Training until validation scores don't improve for 50 rounds
Early stopping, best iteration is:
[65]	valid_0's binary_logloss: 0.611948
Training until validation scores don't improve for 50 rounds
Early stopping, best iteration is:
[110]	valid_0's binary_logloss: 0.604327
Training until validation scores don't improve for 50 rounds
Early stopping, best iteration is:
[219]	valid_0's binary_logloss: 0.572207
Training until validation scores don't improve for 50 rounds
Early stopping, best iteration is:
[26]	valid_0's binary_logloss: 0.668796
Training until validation scores don't improve for 50 rounds
Early stopping, best iteration is:
[125]	valid_0's binary_logloss: 0.645184
    seed=31337 | S4 | OOF: 0.5255
Training until validation scores don't improve for 50 rounds
Early stopping, best iteration is:
[168]	valid_0's binary_logloss: 0.549663
Training until validation scores don't improve for 50 rounds
Early stopping, best iteration is:
[110]	valid_0's binary_logloss: 0.597923
Training until validation scores don't improve for 50 rounds
Early stopping, best iteration is:
[44]	valid_0's binary_logloss: 0.648095
Training until validation scores don't improve for 50 rounds
Early stopping, best iteration is:
[67]	valid_0's binary_logloss: 0.61854
Training until validation scores don't improve for 50 rounds
Early stopping, best iteration is:
[20]	valid_0's binary_logloss: 0.674951
Training until validation scores don't improve for 50 rounds
Early stopping, best iteration is:
[1]	valid_0's binary_logloss: 0.6872
Training until validation scores don't improve for 50 rounds
Early stopping, best iteration is:
[47]	valid_0's binary_logloss: 0.664957
Training until validation scores don't improve for 50 rounds
Early stopping, best iteration is:
[163]	valid_0's binary_logloss: 0.604765
Training until validation scores don't improve for 50 rounds
Early stopping, best iteration is:
[223]	valid_0's binary_logloss: 0.595523
Training until validation scores don't improve for 50 rounds
Early stopping, best iteration is:
[125]	valid_0's binary_logloss: 0.611926
    seed= 9999 | S4 | OOF: 0.5465
Training until validation scores don't improve for 50 rounds
Early stopping, best iteration is:
[65]	valid_0's binary_logloss: 0.637063
Training until validation scores don't improve for 50 rounds
Early stopping, best iteration is:
[203]	valid_0's binary_logloss: 0.521385
Training until validation scores don't improve for 50 rounds
Early stopping, best iteration is:
[94]	valid_0's binary_logloss: 0.631312
Training until validation scores don't improve for 50 rounds
Early stopping, best iteration is:
[65]	valid_0's binary_logloss: 0.651277
Training until validation scores don't improve for 50 rounds
Early stopping, best iteration is:
[90]	valid_0's binary_logloss: 0.631675
Training until validation scores don't improve for 50 rounds
Early stopping, best iteration is:
[153]	valid_0's binary_logloss: 0.583605
Training until validation scores don't improve for 50 rounds
Early stopping, best iteration is:
[65]	valid_0's binary_logloss: 0.645841
Training until validation scores don't improve for 50 rounds
Early stopping, best iteration is:
[110]	valid_0's binary_logloss: 0.603141
Training until validation scores don't improve for 50 rounds
Early stopping, best iteration is:
[70]	valid_0's binary_logloss: 0.622647
Training until validation scores don't improve for 50 rounds
Early stopping, best iteration is:
[50]	valid_0's binary_logloss: 0.670756
    seed=    7 | S4 | OOF: 0.5221
Training until validation scores don't improve for 50 rounds
Early stopping, best iteration is:
[111]	valid_0's binary_logloss: 0.653471
Training until validation scores don't improve for 50 rounds
Early stopping, best iteration is:
[166]	valid_0's binary_logloss: 0.613261
Training until validation scores don't improve for 50 rounds
Early stopping, best iteration is:
[153]	valid_0's binary_logloss: 0.621912
Training until validation scores don't improve for 50 rounds
Early stopping, best iteration is:
[44]	valid_0's binary_logloss: 0.668261
Training until validation scores don't improve for 50 rounds
Early stopping, best iteration is:
[135]	valid_0's binary_logloss: 0.590194
Training until validation scores don't improve for 50 rounds
Early stopping, best iteration is:
[85]	valid_0's binary_logloss: 0.614113
Training until validation scores don't improve for 50 rounds
Early stopping, best iteration is:
[88]	valid_0's binary_logloss: 0.607953
Training until validation scores don't improve for 50 rounds
Early stopping, best iteration is:
[65]	valid_0's binary_logloss: 0.652487
Training until validation scores don't improve for 50 rounds
Early stopping, best iteration is:
[97]	valid_0's binary_logloss: 0.649636
Training until validation scores don't improve for 50 rounds
Early stopping, best iteration is:
[171]	valid_0's binary_logloss: 0.607047
    seed=  314 | S4 | OOF: 0.5385
  >> Ensemble OOF: 0.5168

================================================================================
제 5회 ETRI 휴먼이해 AI 논문경진대회 - 실험 리포트 (v8_all_features_no_lag_pseudolabel)
실행 시각: 2026-04-24 16:45:08
================================================================================

[실험 설정]
  Experiment Tag       : _all_features_no_lag_pseudolabel
  USE_SLEEP_REFINED    : True
  USE_APP_CATEGORY     : True
  USE_PERSONAL_RELATIVE: True
  USE_HR_FREQ          : True
  Device               : cuda
  Feature count        : 263
  Train samples        : 450
  Test samples         : 250
  N_SPLITS             : 10
  Optuna trials        : 100 per model per target
  Seed ensemble        : [42, 123, 777, 2024, 31337, 9999, 7, 314]

================================================================================
[전체 결과]
================================================================================
  Average OOF Log-Loss: 0.4721
  (v1: 0.5226 / v2: 0.5321 / v3: 0.4678 / v4: 0.4623)

Target  OOF       Seed std    
--------------------------------------------------
Q1      0.5481    0.0107      
Q2      0.4848    0.0079      
Q3      0.4683    0.0101      
S1      0.4192    0.0096      
S2      0.4478    0.0086      
S3      0.4200    0.0069      
S4      0.5168    0.0094      

================================================================================
[Optuna 최적 하이퍼파라미터]
================================================================================

[Q1]  LGB Fixed params: {"n_estimators": 2000, "learning_rate": 0.02, "num_leaves": 31, "min_child_samples": 20, "subsample": 0.7, "colsample_bytree": 0.7, "bagging_freq": 5, "reg_alpha": 0.3, "reg_lambda": 2.0, "device": "gpu", "verbose": -1, "force_col_wise": true}

[Q2]  LGB Fixed params: {"n_estimators": 2000, "learning_rate": 0.02, "num_leaves": 31, "min_child_samples": 20, "subsample": 0.7, "colsample_bytree": 0.7, "bagging_freq": 5, "reg_alpha": 0.3, "reg_lambda": 2.0, "device": "gpu", "verbose": -1, "force_col_wise": true}

[Q3]  LGB Fixed params: {"n_estimators": 2000, "learning_rate": 0.02, "num_leaves": 31, "min_child_samples": 20, "subsample": 0.7, "colsample_bytree": 0.7, "bagging_freq": 5, "reg_alpha": 0.3, "reg_lambda": 2.0, "device": "gpu", "verbose": -1, "force_col_wise": true}

[S1]  LGB Fixed params: {"n_estimators": 2000, "learning_rate": 0.02, "num_leaves": 31, "min_child_samples": 20, "subsample": 0.7, "colsample_bytree": 0.7, "bagging_freq": 5, "reg_alpha": 0.3, "reg_lambda": 2.0, "device": "gpu", "verbose": -1, "force_col_wise": true}

[S2]  LGB Fixed params: {"n_estimators": 2000, "learning_rate": 0.02, "num_leaves": 31, "min_child_samples": 20, "subsample": 0.7, "colsample_bytree": 0.7, "bagging_freq": 5, "reg_alpha": 0.3, "reg_lambda": 2.0, "device": "gpu", "verbose": -1, "force_col_wise": true}

[S3]  LGB Fixed params: {"n_estimators": 2000, "learning_rate": 0.02, "num_leaves": 31, "min_child_samples": 20, "subsample": 0.7, "colsample_bytree": 0.7, "bagging_freq": 5, "reg_alpha": 0.3, "reg_lambda": 2.0, "device": "gpu", "verbose": -1, "force_col_wise": true}

[S4]  LGB Fixed params: {"n_estimators": 2000, "learning_rate": 0.02, "num_leaves": 31, "min_child_samples": 20, "subsample": 0.7, "colsample_bytree": 0.7, "bagging_freq": 5, "reg_alpha": 0.3, "reg_lambda": 2.0, "device": "gpu", "verbose": -1, "force_col_wise": true}

================================================================================
[예측 통계 (Test set)]
================================================================================
Target  mean      std       min       max       
------------------------------------------------------------
Q1      0.5169    0.1614    0.0539    0.8369    
Q2      0.6383    0.1245    0.1080    0.9586    
Q3      0.5897    0.1908    0.0770    0.9630    
S1      0.6725    0.2253    0.0705    0.9800    
S2      0.6286    0.2123    0.1052    0.9800    
S3      0.6326    0.2288    0.0380    0.9800    
S4      0.5438    0.1817    0.0952    0.9467    

[리포트 저장] ./report_v8_all_features_no_lag_pseudolabel.txt

[제출 파일] ./submission_v8_all_features_no_lag_pseudolabel.csv
